<?xml version="1.0" encoding="UTF-8"?>
<!-- Generated by org.testng.reporters.JUnitReportReporter -->
<testsuite hostname="Gatossa-home" failures="0" tests="1" name="InteractionsWithWebElements.InteractionsPart3" time="0.573" errors="0" timestamp="2024-11-26T20:12:34 CET" skipped="0">
  <testcase classname="InteractionsWithWebElements.InteractionsPart3" name="uploadingfFile" time="0.573"/>
</testsuite> <!-- InteractionsWithWebElements.InteractionsPart3 -->
