<?xml version="1.0" encoding="UTF-8"?>
<!-- Generated by org.testng.reporters.JUnitReportReporter -->
<testsuite hostname="Gatossa-home" failures="0" tests="1" name="MoreAdvancedTopics.BrowsersOptions" time="4.816" errors="0" timestamp="2024-11-14T20:22:52 CET" skipped="0">
  <testcase classname="MoreAdvancedTopics.BrowsersOptions" name="ManagingCookies" time="4.816"/>
</testsuite> <!-- MoreAdvancedTopics.BrowsersOptions -->
