<?xml version="1.0" encoding="UTF-8"?>
<!-- Generated by org.testng.reporters.JUnitReportReporter -->
<testsuite hostname="Gatossa-home" failures="0" tests="1" name="MoreAdvancedTopics.JavaScriptExecutor" time="2.824" errors="0" timestamp="2024-11-14T20:21:48 CET" skipped="0">
  <testcase classname="MoreAdvancedTopics.JavaScriptExecutor" name="Javaexecutor" time="2.824"/>
</testsuite> <!-- MoreAdvancedTopics.JavaScriptExecutor -->
