<?xml version="1.0" encoding="UTF-8"?>
<!-- Generated by org.testng.reporters.JUnitReportReporter -->
<testsuite hostname="Gatossa-home" failures="0" tests="2" name="Interactions.FindingElements" time="6.679" errors="0" timestamp="2024-11-14T13:42:35 CET" skipped="0">
  <testcase classname="Interactions.FindingElements" name="clickingButtons" time="3.674"/>
  <testcase classname="Interactions.FindingElements" name="sendingDataToForms" time="3.005"/>
</testsuite> <!-- Interactions.FindingElements -->
