<?xml version="1.0" encoding="UTF-8"?>
<!-- Generated by org.testng.reporters.JUnitReportReporter -->
<testsuite hostname="Gatossa-home" failures="0" tests="1" name="Parametrisation.propertiesFile" time="4.368" errors="0" timestamp="2024-11-14T20:25:07 CET" skipped="0">
  <testcase classname="Parametrisation.propertiesFile" name="sendingDataToForms" time="4.368"/>
</testsuite> <!-- Parametrisation.propertiesFile -->
